[2025-12-11 16:20:36] local.INFO: Current Database: eschool_saas_4_suprajadarapaneni  
[2025-12-11 16:20:36] local.INFO: Current Database: eschool_saas_3_sarthakedge  
[2025-12-11 16:21:51] local.INFO: Current Database: eschool_saas_2_suprajadarapaneni  
[2025-12-11 16:21:52] local.INFO: Current Database: eschool_saas_1_demo  
[2025-12-11 16:28:06] local.ERROR: Login attempt failed in main database. Email: saisuppu1@gmail.com  
[2025-12-11 16:34:20] local.INFO: Switched to database: eschool_saas_2_suprajadarapaneni  
[2025-12-11 16:34:20] local.ERROR: Login attempt failed in school database. Email: saisuppu1@gmail.com  
[2025-12-11 16:34:45] local.INFO: Switched to database: eschool_saas_2_suprajadarapaneni  
[2025-12-11 16:34:45] local.ERROR: Login attempt failed in school database. Email: 9392511176  
[2025-12-11 16:35:07] local.INFO: Switched to database: eschool_saas_2_suprajadarapaneni  
[2025-12-11 16:35:08] local.ERROR: Login attempt failed in school database. Email: mmtsofttech@gmail.com  
[2025-12-11 16:37:04] local.INFO: Switched to database: eschool_saas_2_suprajadarapaneni  
[2025-12-11 16:37:04] local.ERROR: Login attempt failed in school database. Email: saisuppu1@gmail.com  
[2025-12-11 16:38:14] local.INFO: Switched to database: eschool_saas_2_suprajadarapaneni  
[2025-12-11 16:38:14] local.ERROR: Login attempt failed in school database. Email: saisuppu1@gmail.com  
[2025-12-11 17:52:10] local.INFO: Switched to database: eschool_saas_2_suprajadarapaneni  
[2025-12-11 17:52:10] local.ERROR: Login attempt failed in school database. Email: saisuppu1@gmail.com  
[2025-12-11 17:53:11] local.INFO: Switched to database: eschool_saas_2_suprajadarapaneni  
[2025-12-11 17:53:11] local.INFO: User authenticated successfully. {"user_id":3,"email":"saisuppu1@gmail.com"} 
[2025-12-11 17:54:39] local.INFO: Current Database: eschool_saas_5_sebastianrosario  
[2025-12-11 17:55:57] local.INFO: Switched to database: eschool_saas_5_sebastianrosario  
[2025-12-11 17:55:57] local.INFO: User authenticated successfully. {"user_id":6,"email":"purnima.wrteam@gmail.com"} 
[2025-12-12 09:39:22] local.INFO: Switched to database: eschool_saas_2_suprajadarapaneni  
[2025-12-12 09:39:23] local.ERROR: Login attempt failed in school database. Email: saisuppu1@gmail.com  
[2025-12-12 09:39:45] local.INFO: Switched to database: eschool_saas_2_suprajadarapaneni  
[2025-12-12 09:39:46] local.ERROR: Login attempt failed in school database. Email: saisuppu1@gmail.com  
[2025-12-12 09:40:08] local.INFO: Switched to database: eschool_saas_2_suprajadarapaneni  
[2025-12-12 09:40:08] local.ERROR: Login attempt failed in school database. Email: saisuppu1@gmail.com  
[2025-12-12 17:57:07] local.INFO: Switched to database: eschool_saas_2_suprajadarapaneni  
[2025-12-12 17:57:07] local.ERROR: Login attempt failed in school database. Email: superadmin@gmail.com  
[2025-12-12 17:58:45] local.INFO: Switched to database: eschool_saas_2_suprajadarapaneni  
[2025-12-12 17:58:45] local.INFO: User authenticated successfully. {"user_id":3,"email":"saisuppu1@gmail.com"} 
[2025-12-12 21:59:30] local.INFO: Switched to database: eschool_saas_2_suprajadarapaneni  
[2025-12-12 21:59:30] local.ERROR: Login attempt failed in school database. Email: mmtsofttech@gmail.com  
[2025-12-12 21:59:39] local.INFO: ****** [{"_token":"Q0q1JPqpu9pRDJbhpAm21HlxH73wnuiT40GJh4Z1","school_code":"SCH20252","email":"mmtsofttech@gmail.com"}] 
[2025-12-12 21:59:56] local.INFO: ****** [{"_token":"Q0q1JPqpu9pRDJbhpAm21HlxH73wnuiT40GJh4Z1","school_code":"SCH20252","email":"mmtsofttech@gmail.com"}] 
[2025-12-12 22:00:54] local.INFO: Switched to database: eschool_saas_2_suprajadarapaneni  
[2025-12-12 22:00:54] local.INFO: User authenticated successfully. {"user_id":3,"email":"saisuppu1@gmail.com"} 
[2025-12-12 23:42:02] local.INFO: Switched to database: eschool_saas_2_suprajadarapaneni  
[2025-12-12 23:42:02] local.ERROR: Login attempt failed in school database. Email: saisuppu1@gmail.com  
[2025-12-12 23:42:27] local.INFO: Switched to database: eschool_saas_2_suprajadarapaneni  
[2025-12-12 23:42:27] local.INFO: User authenticated successfully. {"user_id":3,"email":"saisuppu1@gmail.com"} 
[2025-12-15 10:01:56] local.INFO: Switched to database: eschool_saas_2_suprajadarapaneni  
[2025-12-15 10:01:56] local.INFO: User authenticated successfully. {"user_id":3,"email":"saisuppu1@gmail.com"} 
[2025-12-16 12:53:56] local.INFO: Switched to database: eschool_saas_2_suprajadarapaneni  
[2025-12-16 12:53:56] local.INFO: User authenticated successfully. {"user_id":3,"email":"saisuppu1@gmail.com"} 
[2025-12-16 13:29:19] local.INFO: Switched to database: eschool_saas_2_suprajadarapaneni  
[2025-12-16 13:29:19] local.INFO: User authenticated successfully. {"user_id":6,"email":"suprajadarapaneni2003@gmail.com"} 
[2025-12-16 13:34:45] local.INFO: Switched to database: eschool_saas_2_suprajadarapaneni  
[2025-12-16 13:34:45] local.ERROR: Login attempt failed in school database. Email: saisuppu1@gmail.com  
[2025-12-16 13:35:11] local.INFO: Switched to database: eschool_saas_2_suprajadarapaneni  
[2025-12-16 13:35:11] local.ERROR: Login attempt failed in school database. Email: saisuppu1@gmail.com  
[2025-12-16 13:36:09] local.INFO: Switched to database: eschool_saas_2_suprajadarapaneni  
[2025-12-16 13:36:09] local.ERROR: Login attempt failed in school database. Email: saisuppu1@gmail.com  
[2025-12-16 13:36:47] local.INFO: Switched to database: eschool_saas_2_suprajadarapaneni  
[2025-12-16 13:36:47] local.ERROR: Login attempt failed in school database. Email: saisuppu1@gmail.com  
[2025-12-16 13:37:36] local.INFO: Switched to database: eschool_saas_2_suprajadarapaneni  
[2025-12-16 13:37:36] local.INFO: User authenticated successfully. {"user_id":3,"email":"saisuppu1@gmail.com"} 
[2025-12-16 13:38:23] local.INFO: Switched to database: eschool_saas_2_suprajadarapaneni  
[2025-12-16 13:38:23] local.INFO: User authenticated successfully. {"user_id":6,"email":"suprajadarapaneni2003@gmail.com"} 
[2025-12-17 11:09:32] local.INFO: Switched to database: eschool_saas_2_suprajadarapaneni  
[2025-12-17 11:09:32] local.INFO: User authenticated successfully. {"user_id":3,"email":"saisuppu1@gmail.com"} 
[2025-12-17 13:43:50] local.ERROR: Online Exam Controller -> storeQuestionsChoices method foreach() argument must be of type array|object, null given---> /home/sarthakedge/htdocs/sarthakedge.com/php_code/app/Http/Controllers/OnlineExamController.php At Line : 882  
[2025-12-17 13:45:40] local.ERROR: Online Exam Controller -> storeQuestionsChoices method foreach() argument must be of type array|object, null given---> /home/sarthakedge/htdocs/sarthakedge.com/php_code/app/Http/Controllers/OnlineExamController.php At Line : 882  
[2025-12-17 13:47:09] local.ERROR: Online Exam Controller -> storeQuestionsChoices method foreach() argument must be of type array|object, null given---> /home/sarthakedge/htdocs/sarthakedge.com/php_code/app/Http/Controllers/OnlineExamController.php At Line : 882  
[2025-12-17 13:47:32] local.ERROR: Online Exam Controller -> storeQuestionsChoices method foreach() argument must be of type array|object, null given---> /home/sarthakedge/htdocs/sarthakedge.com/php_code/app/Http/Controllers/OnlineExamController.php At Line : 882  
[2025-12-17 13:48:09] local.ERROR: Online Exam Controller -> storeQuestionsChoices method foreach() argument must be of type array|object, null given---> /home/sarthakedge/htdocs/sarthakedge.com/php_code/app/Http/Controllers/OnlineExamController.php At Line : 882  
[2025-12-17 13:48:36] local.ERROR: Online Exam Controller -> storeQuestionsChoices method foreach() argument must be of type array|object, null given---> /home/sarthakedge/htdocs/sarthakedge.com/php_code/app/Http/Controllers/OnlineExamController.php At Line : 882  
[2025-12-17 13:49:03] local.ERROR: Online Exam Controller -> storeQuestionsChoices method foreach() argument must be of type array|object, null given---> /home/sarthakedge/htdocs/sarthakedge.com/php_code/app/Http/Controllers/OnlineExamController.php At Line : 882  
[2025-12-17 13:52:52] local.ERROR: Online Exam Controller -> storeQuestionsChoices method foreach() argument must be of type array|object, null given---> /home/sarthakedge/htdocs/sarthakedge.com/php_code/app/Http/Controllers/OnlineExamController.php At Line : 882  
[2025-12-17 13:52:54] local.ERROR: Online Exam Controller -> storeQuestionsChoices method foreach() argument must be of type array|object, null given---> /home/sarthakedge/htdocs/sarthakedge.com/php_code/app/Http/Controllers/OnlineExamController.php At Line : 882  
[2025-12-17 13:53:14] local.ERROR: Online Exam Controller -> storeQuestionsChoices method foreach() argument must be of type array|object, null given---> /home/sarthakedge/htdocs/sarthakedge.com/php_code/app/Http/Controllers/OnlineExamController.php At Line : 882  
[2025-12-17 13:53:27] local.ERROR: Online Exam Controller -> storeQuestionsChoices method foreach() argument must be of type array|object, null given---> /home/sarthakedge/htdocs/sarthakedge.com/php_code/app/Http/Controllers/OnlineExamController.php At Line : 882  
[2025-12-17 13:54:15] local.ERROR: Online Exam Controller -> storeQuestionsChoices method foreach() argument must be of type array|object, null given---> /home/sarthakedge/htdocs/sarthakedge.com/php_code/app/Http/Controllers/OnlineExamController.php At Line : 882  
[2025-12-17 13:54:16] local.ERROR: Online Exam Controller -> storeQuestionsChoices method foreach() argument must be of type array|object, null given---> /home/sarthakedge/htdocs/sarthakedge.com/php_code/app/Http/Controllers/OnlineExamController.php At Line : 882  
[2025-12-19 22:46:07] local.INFO: Switched to database: eschool_saas_2_suprajadarapaneni  
[2025-12-19 22:46:07] local.INFO: User authenticated successfully. {"user_id":3,"email":"saisuppu1@gmail.com"} 
[2025-12-20 10:26:25] local.INFO: Switched to database: eschool_saas_2_suprajadarapaneni  
[2025-12-20 10:26:25] local.INFO: User authenticated successfully. {"user_id":6,"email":"suprajadarapaneni2003@gmail.com"} 
[2025-12-20 12:15:27] local.INFO: Current Database: eschool_saas_6_techstars  
[2025-12-20 12:18:03] local.INFO: Switched to database: eschool_saas_6_techstars  
[2025-12-20 12:18:03] local.INFO: User authenticated successfully. {"user_id":7,"email":"info@sarthakedge.com"} 
[2025-12-20 12:36:02] local.INFO: Switched to database: eschool_saas_6_techstars  
[2025-12-20 12:36:03] local.INFO: User authenticated successfully. {"user_id":7,"email":"info@sarthakedge.com"} 
[2025-12-20 12:42:26] local.INFO: Switched to database: eschool_saas_6_techstars  
[2025-12-20 12:42:26] local.INFO: User authenticated successfully. {"user_id":7,"email":"info@sarthakedge.com"} 
[2025-12-20 12:43:41] local.INFO: Switched to database: eschool_saas_6_techstars  
[2025-12-20 12:43:42] local.INFO: User authenticated successfully. {"user_id":7,"email":"info@sarthakedge.com"} 
[2025-12-20 13:16:05] local.INFO: Switched to database: eschool_saas_2_suprajadarapaneni  
[2025-12-20 13:16:05] local.INFO: User authenticated successfully. {"user_id":3,"email":"saisuppu1@gmail.com"} 
[2025-12-21 15:52:45] local.INFO: Switched to database: eschool_saas_6_techstars  
[2025-12-21 15:52:45] local.INFO: User authenticated successfully. {"user_id":7,"email":"info@sarthakedge.com"} 
[2025-12-26 16:17:21] local.INFO: class_section_id => 1  
[2025-12-26 16:17:21] local.INFO: class_subject_id => 1  
[2025-12-26 16:18:06] local.INFO: class_section_id => 1  
[2025-12-26 16:18:06] local.INFO: class_subject_id => 1  
[2025-12-26 16:18:13] local.INFO: class_section_id => 1  
[2025-12-26 16:18:13] local.INFO: class_subject_id => 1  
[2025-12-26 16:19:19] local.INFO: class_section_id => 1  
[2025-12-26 16:19:19] local.INFO: class_subject_id => 1  
[2025-12-26 16:19:21] local.INFO: class_section_id => 1  
[2025-12-26 16:19:21] local.INFO: class_subject_id => 1  
[2025-12-28 10:43:35] local.INFO: Switched to database: eschool_saas_6_techstars  
[2025-12-28 10:43:36] local.INFO: User authenticated successfully. {"user_id":7,"email":"8179709818"} 
